d:\documents\visual studio 2013\projects\copy++\copy++\debug\copy++.pch
d:\documents\visual studio 2013\projects\copy++\copy++\debug\vc120.pdb
d:\documents\visual studio 2013\projects\copy++\copy++\debug\vc120.idb
d:\documents\visual studio 2013\projects\copy++\copy++\debug\stdafx.obj
d:\documents\visual studio 2013\projects\copy++\copy++\debug\helper.obj
d:\documents\visual studio 2013\projects\copy++\copy++\debug\main.obj
d:\documents\visual studio 2013\projects\copy++\copy++\debug\tray_icon.obj
d:\documents\visual studio 2013\projects\copy++\debug\copy++.ilk
d:\documents\visual studio 2013\projects\copy++\debug\copy++.exe
d:\documents\visual studio 2013\projects\copy++\debug\copy++.pdb
d:\documents\visual studio 2013\projects\copy++\copy++\debug\copy++1.res
d:\documents\visual studio 2013\projects\copy++\copy++\debug\copy++.tlog\cl.command.1.tlog
d:\documents\visual studio 2013\projects\copy++\copy++\debug\copy++.tlog\cl.read.1.tlog
d:\documents\visual studio 2013\projects\copy++\copy++\debug\copy++.tlog\cl.write.1.tlog
d:\documents\visual studio 2013\projects\copy++\copy++\debug\copy++.tlog\link.command.1.tlog
d:\documents\visual studio 2013\projects\copy++\copy++\debug\copy++.tlog\link.read.1.tlog
d:\documents\visual studio 2013\projects\copy++\copy++\debug\copy++.tlog\link.write.1.tlog
d:\documents\visual studio 2013\projects\copy++\copy++\debug\copy++.tlog\rc.command.1.tlog
d:\documents\visual studio 2013\projects\copy++\copy++\debug\copy++.tlog\rc.read.1.tlog
d:\documents\visual studio 2013\projects\copy++\copy++\debug\copy++.tlog\rc.write.1.tlog
